{
  "stats": {
    "suites": 1,
    "tests": 0,
    "passes": 0,
    "pending": 0,
    "failures": 0,
    "start": "2023-10-25T05:05:10.811Z",
    "end": "2023-10-25T05:19:25.514Z",
    "duration": 854703,
    "testsRegistered": 1,
    "passPercent": 0,
    "pendingPercent": 0,
    "other": 0,
    "hasOther": false,
    "skipped": 1,
    "hasSkipped": true
  },
  "results": [
    {
      "uuid": "83cc23b5-3355-4f2f-99c5-2a2e1acb790d",
      "title": "",
      "fullFile": "cypress\\e2e\\smokeTest\\addJobtitleWithRandomData.cy.js",
      "file": "cypress\\e2e\\smokeTest\\addJobtitleWithRandomData.cy.js",
      "beforeHooks": [],
      "afterHooks": [],
      "tests": [],
      "suites": [
        {
          "uuid": "2f7e8931-a10f-47d8-a622-32909517475f",
          "title": "verify Add Job title functionality",
          "fullFile": "",
          "file": "",
          "beforeHooks": [],
          "afterHooks": [],
          "tests": [
            {
              "title": "verify add job title with valid input details",
              "fullTitle": "verify Add Job title functionality verify add job title with valid input details",
              "timedOut": null,
              "duration": 0,
              "state": "skipped",
              "speed": null,
              "pass": false,
              "fail": false,
              "pending": false,
              "context": null,
              "code": "cy.visit(Cypress.env(\"loginUrl\"));\ncy.get(\"input[placeholder='Username']\").type(Cypress.env(\"username\"));\ncy.get(\"input[placeholder='Password']\").type(Cypress.env(\"password\"));\ncy.get(\"button[type='submit']\").click();\ncy.url().should(\"eq\", \"https://opensource-demo.orangehrmlive.com/web/index.php/dashboard/index\");\ncy.contains(\"Dashboard\").should(\"be.visible\");\ncy.contains(\"Admin\").click();\n//cy.get(\".oxd-main-menu-item.active\").click();\ncy.get(\"li:nth-of-type(2) > .oxd-topbar-body-nav-tab-item > .bi-chevron-down.oxd-icon\").click();\ncy.contains(\"Job Titles\").click();\ncy.get(\"button[class='oxd-button oxd-button--medium oxd-button--secondary']\").click();\nconst randomText = Math.random().toString(36).substr(2, 10);\n//const randomText = Math.random().toString(36).substring(2,7);\n//console.log(result);\ncy.get(\".oxd-form .oxd-input\").type(_addJobTitle.default.jobTitle + randomText);\ncy.get(\"textarea[placeholder='Type description here']\").type(_addJobTitle.default.jobDescription);\ncy.get(\"button[type='submit']\").click();\ncy.contains(\"Successfully Saved\").should(\"be.visible\");",
              "err": {},
              "uuid": "fb6fa52b-92e0-4516-83b2-a0e5b2471e43",
              "parentUUID": "2f7e8931-a10f-47d8-a622-32909517475f",
              "isHook": false,
              "skipped": true
            }
          ],
          "suites": [],
          "passes": [],
          "failures": [],
          "pending": [],
          "skipped": [
            "fb6fa52b-92e0-4516-83b2-a0e5b2471e43"
          ],
          "duration": 0,
          "root": false,
          "rootEmpty": false,
          "_timeout": 2000
        }
      ],
      "passes": [],
      "failures": [],
      "pending": [],
      "skipped": [],
      "duration": 0,
      "root": true,
      "rootEmpty": true,
      "_timeout": 2000
    }
  ],
  "meta": {
    "mocha": {
      "version": "7.0.1"
    },
    "mochawesome": {
      "options": {
        "quiet": false,
        "reportFilename": "mochawesome",
        "saveHtml": false,
        "saveJson": true,
        "consoleReporter": "spec",
        "useInlineDiffs": false,
        "code": true
      },
      "version": "7.1.3"
    },
    "marge": {
      "options": {
        "overwrite": false,
        "html": false,
        "json": true,
        "reportDir": "cypress\\reports\\html\\.jsons"
      },
      "version": "6.2.0"
    }
  }
}