{
  "stats": {
    "suites": 1,
    "tests": 3,
    "passes": 0,
    "pending": 0,
    "failures": 3,
    "start": "2023-10-25T05:02:38.547Z",
    "end": "2023-10-25T05:04:22.304Z",
    "duration": 103757,
    "testsRegistered": 3,
    "passPercent": 0,
    "pendingPercent": 0,
    "other": 0,
    "hasOther": false,
    "skipped": 0,
    "hasSkipped": false
  },
  "results": [
    {
      "uuid": "82f573f0-59e6-4d9d-98a9-4de05b6dd329",
      "title": "",
      "fullFile": "cypress\\e2e\\smokeTest\\addEmployeeWithCommand.cy.js",
      "file": "cypress\\e2e\\smokeTest\\addEmployeeWithCommand.cy.js",
      "beforeHooks": [],
      "afterHooks": [],
      "tests": [],
      "suites": [
        {
          "uuid": "0742c958-41a6-451d-a4ff-647cc112d4d6",
          "title": "verify add employee functionality",
          "fullFile": "",
          "file": "",
          "beforeHooks": [],
          "afterHooks": [],
          "tests": [
            {
              "title": "verify login with valid username and valid password",
              "fullTitle": "verify add employee functionality verify login with valid username and valid password",
              "timedOut": null,
              "duration": 33582,
              "state": "failed",
              "speed": null,
              "pass": false,
              "fail": true,
              "pending": false,
              "context": "[\n  {\n    \"title\": \"cypress-mochawesome-reporter-videos-failed\",\n    \"value\": \"cypress\\\\e2e\\\\smokeTest\\\\addEmployeeWithCommand.cy.js\"\n  },\n  {\n    \"title\": \"cypress-mochawesome-reporter-screenshots\",\n    \"value\": [\n      [\n        \"\\\\addEmployeeWithCommand.cy.js\\\\verify add employee functionality -- verify login with valid username and valid password (failed).png\"\n      ]\n    ]\n  }\n]",
              "code": "cy.login(Cypress.env(\"username\"), Cypress.env(\"password\"));\ncy.contains(\"PIM\").click({\n  force: true\n});\ncy.contains(\"Add Employee\").click();\ncy.get(\"input[placeholder='First Name']\").type(\"christo\");\ncy.get(\"input[name='lastName']\").type(\"king\");\ncy.get(\"button[type='submit']\").click();\ncy.contains(\"Successfully Saved\").should(\"be.visible\");",
              "err": {
                "message": "AssertionError: Timed out retrying after 30000ms: expected '<a.oxd-main-menu-item.active>' to be 'visible'\n\nThis element `<a.oxd-main-menu-item.active>` is not visible because its parent `<nav.oxd-navbar-nav>` has CSS property: `overflow: hidden` and an effective width and height of: `0 x 367` pixels.",
                "estack": "AssertionError: Timed out retrying after 30000ms: expected '<a.oxd-main-menu-item.active>' to be 'visible'\n\nThis element `<a.oxd-main-menu-item.active>` is not visible because its parent `<nav.oxd-navbar-nav>` has CSS property: `overflow: hidden` and an effective width and height of: `0 x 367` pixels.\n    at Context.eval (webpack://learning-cypress-oct-2023/./cypress/support/commands.js:22:29)",
                "diff": null
              },
              "uuid": "05c5780d-9b51-4c41-a027-8ec2a8e29229",
              "parentUUID": "0742c958-41a6-451d-a4ff-647cc112d4d6",
              "isHook": false,
              "skipped": false
            },
            {
              "title": "verify mandatory details in add employee",
              "fullTitle": "verify add employee functionality verify mandatory details in add employee",
              "timedOut": null,
              "duration": 33099,
              "state": "failed",
              "speed": null,
              "pass": false,
              "fail": true,
              "pending": false,
              "context": "[\n  {\n    \"title\": \"cypress-mochawesome-reporter-videos-failed\",\n    \"value\": \"cypress\\\\e2e\\\\smokeTest\\\\addEmployeeWithCommand.cy.js\"\n  },\n  {\n    \"title\": \"cypress-mochawesome-reporter-screenshots\",\n    \"value\": [\n      [\n        \"\\\\addEmployeeWithCommand.cy.js\\\\verify add employee functionality -- verify mandatory details in add employee (failed).png\"\n      ]\n    ]\n  }\n]",
              "code": "cy.login(Cypress.env(\"username\"), Cypress.env(\"password\"));\ncy.contains(\"PIM\").click({\n  force: true\n});\ncy.contains(\"Add Employee\").click();\ncy.get(\"button[type='submit']\").click();\ncy.contains(\"Required\").should(\"be.visible\");",
              "err": {
                "message": "AssertionError: Timed out retrying after 30000ms: expected '<a.oxd-main-menu-item.active>' to be 'visible'\n\nThis element `<a.oxd-main-menu-item.active>` is not visible because its parent `<nav.oxd-navbar-nav>` has CSS property: `overflow: hidden` and an effective width and height of: `0 x 367` pixels.",
                "estack": "AssertionError: Timed out retrying after 30000ms: expected '<a.oxd-main-menu-item.active>' to be 'visible'\n\nThis element `<a.oxd-main-menu-item.active>` is not visible because its parent `<nav.oxd-navbar-nav>` has CSS property: `overflow: hidden` and an effective width and height of: `0 x 367` pixels.\n    at Context.eval (webpack://learning-cypress-oct-2023/./cypress/support/commands.js:22:29)",
                "diff": null
              },
              "uuid": "31900963-a7bc-4f97-8e32-c25bf16c2477",
              "parentUUID": "0742c958-41a6-451d-a4ff-647cc112d4d6",
              "isHook": false,
              "skipped": false
            },
            {
              "title": "verify charcter limit for first name field",
              "fullTitle": "verify add employee functionality verify charcter limit for first name field",
              "timedOut": null,
              "duration": 33369,
              "state": "failed",
              "speed": null,
              "pass": false,
              "fail": true,
              "pending": false,
              "context": "[\n  {\n    \"title\": \"cypress-mochawesome-reporter-videos-failed\",\n    \"value\": \"cypress\\\\e2e\\\\smokeTest\\\\addEmployeeWithCommand.cy.js\"\n  },\n  {\n    \"title\": \"cypress-mochawesome-reporter-screenshots\",\n    \"value\": [\n      [\n        \"\\\\addEmployeeWithCommand.cy.js\\\\verify add employee functionality -- verify charcter limit for first name field (failed).png\"\n      ]\n    ]\n  }\n]",
              "code": "cy.login(\"Admin\", \"admin123\");\ncy.contains(\"PIM\").click();\ncy.contains(\"Add Employee\").click();\ncy.get(\"button[type='submit']\").click();\ncy.get(\"input[placeholder='First Name']\").type(\"xxxxrrrrrrrrrrrrrrrrrhhhhhhhhhhhhkkkkkkkkkkkkkkkkkkkkkk\");\ncy.contains(\"Should not exceed 30 characters\").should(\"be.visible\");",
              "err": {
                "message": "AssertionError: Timed out retrying after 30000ms: expected '<a.oxd-main-menu-item.active>' to be 'visible'\n\nThis element `<a.oxd-main-menu-item.active>` is not visible because its parent `<nav.oxd-navbar-nav>` has CSS property: `overflow: hidden` and an effective width and height of: `0 x 367` pixels.",
                "estack": "AssertionError: Timed out retrying after 30000ms: expected '<a.oxd-main-menu-item.active>' to be 'visible'\n\nThis element `<a.oxd-main-menu-item.active>` is not visible because its parent `<nav.oxd-navbar-nav>` has CSS property: `overflow: hidden` and an effective width and height of: `0 x 367` pixels.\n    at Context.eval (webpack://learning-cypress-oct-2023/./cypress/support/commands.js:22:29)",
                "diff": null
              },
              "uuid": "636a4d7b-3848-4543-8711-a0dca49a4208",
              "parentUUID": "0742c958-41a6-451d-a4ff-647cc112d4d6",
              "isHook": false,
              "skipped": false
            }
          ],
          "suites": [],
          "passes": [],
          "failures": [
            "05c5780d-9b51-4c41-a027-8ec2a8e29229",
            "31900963-a7bc-4f97-8e32-c25bf16c2477",
            "636a4d7b-3848-4543-8711-a0dca49a4208"
          ],
          "pending": [],
          "skipped": [],
          "duration": 100050,
          "root": false,
          "rootEmpty": false,
          "_timeout": 2000
        }
      ],
      "passes": [],
      "failures": [],
      "pending": [],
      "skipped": [],
      "duration": 0,
      "root": true,
      "rootEmpty": true,
      "_timeout": 2000
    }
  ],
  "meta": {
    "mocha": {
      "version": "7.0.1"
    },
    "mochawesome": {
      "options": {
        "quiet": false,
        "reportFilename": "mochawesome",
        "saveHtml": false,
        "saveJson": true,
        "consoleReporter": "spec",
        "useInlineDiffs": false,
        "code": true
      },
      "version": "7.1.3"
    },
    "marge": {
      "options": {
        "overwrite": false,
        "html": false,
        "json": true,
        "reportDir": "cypress\\reports\\html\\.jsons"
      },
      "version": "6.2.0"
    }
  }
}